<?xml version="1.0" encoding="UTF-8"?>
<!-- Generated by org.testng.reporters.JUnitReportReporter -->
<testsuite hostname="DESKTOP-OTV90SR" failures="0" tests="9" name="online_tusur.unit_online_tusur.StudentTestNGZ6" time="0.036" errors="0" timestamp="2022-06-03T01:13:04 YEKT" skipped="0">
  <testcase classname="online_tusur.unit_online_tusur.StudentTestNGZ6" name="dynamicTestStudentGetterGetFirstName" time="0.002"/>
  <system-out/>
  <testcase classname="online_tusur.unit_online_tusur.StudentTestNGZ6" name="dynamicTestStudentGetterGetFirstName" time="0.002"/>
  <system-out/>
  <testcase classname="online_tusur.unit_online_tusur.StudentTestNGZ6" name="dynamicTestStudentGetterGetFirstName" time="0.017"/>
  <system-out/>
  <testcase classname="online_tusur.unit_online_tusur.StudentTestNGZ6" name="dynamicTestStudentGetterGetLastName" time="0.003"/>
  <system-out/>
  <testcase classname="online_tusur.unit_online_tusur.StudentTestNGZ6" name="dynamicTestStudentGetterGetLastName" time="0.002"/>
  <system-out/>
  <testcase classname="online_tusur.unit_online_tusur.StudentTestNGZ6" name="dynamicTestStudentGetterGetLastName" time="0.002"/>
  <system-out/>
  <testcase classname="online_tusur.unit_online_tusur.StudentTestNGZ6" name="dynamicTestStudentGetterGetAge" time="0.002"/>
  <system-out/>
  <testcase classname="online_tusur.unit_online_tusur.StudentTestNGZ6" name="dynamicTestStudentGetterGetAge" time="0.002"/>
  <system-out/>
  <testcase classname="online_tusur.unit_online_tusur.StudentTestNGZ6" name="dynamicTestStudentGetterGetAge" time="0.004"/>
  <system-out/>
</testsuite> <!-- online_tusur.unit_online_tusur.StudentTestNGZ6 -->
