<?xml version="1.0" encoding="UTF-8"?>
<!-- Generated by org.testng.reporters.JUnitReportReporter -->
<testsuite hostname="DESKTOP-OTV90SR" failures="0" tests="4" name="online_tusur.unit_online_tusur.StudentTestNGZ5" time="0.036" errors="0" timestamp="2022-06-02T23:28:29 YEKT" skipped="0">
  <testcase classname="online_tusur.unit_online_tusur.StudentTestNGZ5" name="testAvgAge" time="0.004"/>
  <system-out/>
  <testcase classname="online_tusur.unit_online_tusur.StudentTestNGZ5" name="testAvgAge" time="0.026"/>
  <system-out/>
  <testcase classname="online_tusur.unit_online_tusur.StudentTestNGZ5" name="testAvgAge" time="0.002"/>
  <system-out/>
  <testcase classname="online_tusur.unit_online_tusur.StudentTestNGZ5" name="testAgeOut" time="0.004"/>
  <system-out/>
</testsuite> <!-- online_tusur.unit_online_tusur.StudentTestNGZ5 -->
