<?xml version="1.0" encoding="UTF-8"?>
<!-- Generated by org.testng.reporters.JUnitReportReporter -->
<testsuite hostname="DESKTOP-OTV90SR" failures="0" tests="4" name="online_tusur.unit_online_tusur.StudentTestNGZ7" time="0.237" errors="0" timestamp="2022-06-03T01:56:14 YEKT" skipped="0">
  <testcase classname="online_tusur.unit_online_tusur.StudentTestNGZ7" name="testAvgAge" time="0.074"/>
  <system-out/>
  <testcase classname="online_tusur.unit_online_tusur.StudentTestNGZ7" name="testAvgAge" time="0.078"/>
  <system-out/>
  <testcase classname="online_tusur.unit_online_tusur.StudentTestNGZ7" name="testAvgAge" time="0.079"/>
  <system-out/>
  <testcase classname="online_tusur.unit_online_tusur.StudentTestNGZ7" name="testAgeOut" time="0.006"/>
  <system-out/>
</testsuite> <!-- online_tusur.unit_online_tusur.StudentTestNGZ7 -->
